#Jup Flux
   1    8.780e-10
   2    1.479e-08
   3    7.632e-08
   4    2.423e-07
   5    5.883e-07
   6    1.202e-06
   7    2.181e-06
   8    3.617e-06
   9    5.588e-06
  10    8.167e-06
  11    1.141e-05
  12    1.535e-05
  13    1.998e-05
  14    2.526e-05
  15    3.111e-05
  16    3.749e-05
  17    4.426e-05
  18    5.129e-05
  19    5.846e-05
  20    6.562e-05
  21    7.259e-05
  22    7.925e-05
  23    8.542e-05
  24    9.098e-05
  25    9.580e-05
  26    9.972e-05
  27    1.027e-04
  28    1.047e-04
  29    1.056e-04
  30    1.054e-04
  31    1.042e-04
  32    1.020e-04
  33    9.888e-05
  34    9.497e-05
  35    9.034e-05
  36    8.512e-05
  37    7.941e-05
  38    7.348e-05
  39    6.717e-05
  40    6.099e-05
  41    5.459e-05
  42    4.871e-05
  43    4.314e-05
  44    3.790e-05
  45    3.306e-05
  46    2.862e-05
  47    2.460e-05
  48    2.101e-05
  49    1.781e-05
  50    1.501e-05
  51    1.256e-05
  52    1.045e-05
  53    8.647e-06
  54    7.110e-06
  55    5.813e-06
  56    4.730e-06
  57    3.828e-06
  58    3.081e-06
  59    2.469e-06
  60    1.969e-06
  61    1.564e-06
  62    1.236e-06
  63    9.733e-07
  64    7.638e-07
  65    5.970e-07
  66    4.647e-07
  67    3.607e-07
  68    2.791e-07
  69    2.152e-07
  70    1.655e-07
  71    1.269e-07
  72    9.702e-08
  73    7.398e-08
  74    5.624e-08
  75    4.256e-08
  76    3.208e-08
  77    2.395e-08
  78    1.759e-08
  79    1.240e-08
  80    7.143e-09