                          mass  charge  chemPot  H  He C  N  O  Ne Na Mg Si S  Ar Fe 
Species   1  He          4.003    0      0.0000  0  1  0  0  0  0  0  0  0  0  0  0
Species   2  He+         4.002    1     24.5840  0  1  0  0  0  0  0  0  0  0  0  0
Species   3  C          12.011    0      0.0000  0  0  1  0  0  0  0  0  0  0  0  0
Species   4  C+         12.010    1     11.2597  0  0  1  0  0  0  0  0  0  0  0  0
Species   5  O          15.999    0      0.0000  0  0  0  0  1  0  0  0  0  0  0  0
Species   6  O+         15.998    1     13.6176  0  0  0  0  1  0  0  0  0  0  0  0
Species   7  S          32.066    0      0.0000  0  0  0  0  0  0  0  0  0  1  0  0
Species   8  S+         32.065    1     10.3363  0  0  0  0  0  0  0  0  0  1  0  0
Species   9  Si         28.086    0      0.0000  0  0  0  0  0  0  0  0  1  0  0  0
Species  10  Si+        28.085    1      8.1567  0  0  0  0  0  0  0  0  1  0  0  0
Species  11  Mg         24.305    0      0.0000  0  0  0  0  0  0  0  1  0  0  0  0
Species  12  Mg+        24.304    1      7.6457  0  0  0  0  0  0  0  1  0  0  0  0
Species  13  Fe         55.845    0      0.0000  0  0  0  0  0  0  0  0  0  0  0  1
Species  14  OH+        17.006    1      8.6013  1  0  0  0  1  0  0  0  0  0  0  0
Species  15  CO         28.010    0    -11.1084  0  0  1  0  1  0  0  0  0  0  0  0
Species  16  Fe+        55.844    1      7.8665  0  0  0  0  0  0  0  0  0  0  0  1
Species  17  CH3        15.035    0    -12.5428  3  0  1  0  0  0  0  0  0  0  0  0
Species  18  CH4        16.043    0    -17.0181  4  0  1  0  0  0  0  0  0  0  0  0
Species  19  OH         17.007    0     -4.3986  1  0  0  0  1  0  0  0  0  0  0  0
Species  20  CO+        28.009    1      2.9051  0  0  1  0  1  0  0  0  0  0  0  0
Species  21  CH         13.019    0     -3.4689  1  0  1  0  0  0  0  0  0  0  0  0
Species  22  CH+        13.018    1      7.1710  1  0  1  0  0  0  0  0  0  0  0  0
Species  23  O2         31.998    0     -5.1158  0  0  0  0  2  0  0  0  0  0  0  0
Species  24  O2+        31.997    1      6.9555  0  0  0  0  2  0  0  0  0  0  0  0
Species  25  H2+         2.015    1     10.9478  2  0  0  0  0  0  0  0  0  0  0  0
Species  26  H3+         3.023    1      4.7572  3  0  0  0  0  0  0  0  0  0  0  0
Species  27  SiO        44.085    0     -8.2334  0  0  0  0  1  0  0  0  1  0  0  0
Species  28  SiO+       44.084    1      3.1963  0  0  0  0  1  0  0  0  1  0  0  0
Species  29  SiH        29.094    0     -2.9756  1  0  0  0  0  0  0  0  1  0  0  0
Species  30  SiH+       29.093    1      4.9147  1  0  0  0  0  0  0  0  1  0  0  0
Species  31  CH2        14.027    0     -7.8064  2  0  1  0  0  0  0  0  0  0  0  0
Species  32  CH2+       14.026    1      2.5164  2  0  1  0  0  0  0  0  0  0  0  0
Species  33  HCO        29.018    0    -11.7033  1  0  1  0  1  0  0  0  0  0  0  0
Species  34  HCO+       29.017    1     -3.6109  1  0  1  0  1  0  0  0  0  0  0  0
Species  35  H2O        18.015    0     -9.5113  2  0  0  0  1  0  0  0  0  0  0  0
Species  36  H2O+       18.014    1      3.1000  2  0  0  0  1  0  0  0  0  0  0  0
Species  37  CH3+       15.034    1     -2.7071  3  0  1  0  0  0  0  0  0  0  0  0
Species  38  SiH2+      30.101    1      2.8730  2  0  0  0  0  0  0  0  1  0  0  0
Species  39  SiOH+      45.092    1      0.2208  1  0  0  0  1  0  0  0  1  0  0  0
Species  40  H           1.008    0      0.0000  1  0  0  0  0  0  0  0  0  0  0  0
Species  41  H+          1.007    1     13.5979  1  0  0  0  0  0  0  0  0  0  0  0
Species  42  H-          1.008   -1     -0.7545  1  0  0  0  0  0  0  0  0  0  0  0
Species  43  H2          2.016    0     -4.4774  2  0  0  0  0  0  0  0  0  0  0  0
Species  44  H3O+       19.022    1     -3.0865  3  0  0  0  1  0  0  0  0  0  0  0
Species  45  CH4+       16.042    1     -4.5105  4  0  1  0  0  0  0  0  0  0  0  0
Species  46  CH5+       17.050    1     -9.1848  5  0  1  0  0  0  0  0  0  0  0  0
Species  47  H2exc       2.016    0     -1.8774  2  0  0  0  0  0  0  0  0  0  0  0
Species  48  CO2        44.009    0    -16.5611  0  0  1  0  2  0  0  0  0  0  0  0
Species  49  CO2+       44.008    1     -2.7890  0  0  1  0  2  0  0  0  0  0  0  0
Species  50  N          14.007    0      0.0000  0  0  0  1  0  0  0  0  0  0  0  0
Species  51  N+         14.006    1     14.5338  0  0  0  1  0  0  0  0  0  0  0  0
Species  52  NH         15.015    0     -3.2160  1  0  0  1  0  0  0  0  0  0  0  0
Species  53  NH+        15.014    1     10.2741  1  0  0  1  0  0  0  0  0  0  0  0
Species  54  NH2        16.023    0     -7.3711  2  0  0  1  0  0  0  0  0  0  0  0
Species  55  NH2+       16.022    1      3.7684  2  0  0  1  0  0  0  0  0  0  0  0
Species  56  NH3        17.031    0    -11.9987  3  0  0  1  0  0  0  0  0  0  0  0
Species  57  NH3+       17.030    1     -1.8428  3  0  0  1  0  0  0  0  0  0  0  0
Species  58  N2         28.014    0     -9.7590  0  0  0  2  0  0  0  0  0  0  0  0
Species  59  HN2+       29.021    1      0.5151  1  0  0  2  0  0  0  0  0  0  0  0
Species  60  CN         26.018    0     -7.7235  0  0  1  1  0  0  0  0  0  0  0  0
Species  61  CN+        26.017    1      6.3668  0  0  1  1  0  0  0  0  0  0  0  0
Species  62  HCN        27.026    0    -13.0849  1  0  1  1  0  0  0  0  0  0  0  0
Species  63  HCN+       27.025    1      0.5182  1  0  1  1  0  0  0  0  0  0  0  0
Species  64  NO         30.006    0     -6.4963  0  0  0  1  1  0  0  0  0  0  0  0
Species  65  NO+        30.005    1      2.7683  0  0  0  1  1  0  0  0  0  0  0  0
Species  66  H2CO       30.026    0    -15.4915  2  0  1  0  1  0  0  0  0  0  0  0
Species  67  Na         22.990    0      0.0000  0  0  0  0  0  0  1  0  0  0  0  0
Species  68  Na+        22.989    1      5.1386  0  0  0  0  0  0  1  0  0  0  0  0
Species  69  Na++       22.989    2     52.4206  0  0  0  0  0  0  1  0  0  0  0  0
Species  70  Ne         20.180    0      0.0000  0  0  0  0  0  1  0  0  0  0  0  0
Species  71  Ne+        20.179    1     21.5650  0  0  0  0  0  1  0  0  0  0  0  0
Species  72  Ne++       20.179    2     85.0780  0  0  0  0  0  1  0  0  0  0  0  0
Species  73  Ar         39.948    0      0.0000  0  0  0  0  0  0  0  0  0  0  1  0
Species  74  Ar+        39.947    1     15.7540  0  0  0  0  0  0  0  0  0  0  1  0
Species  75  Ar++       39.947    2     43.3750  0  0  0  0  0  0  0  0  0  0  1  0
Species  76  C++        12.010    2     35.6427  0  0  1  0  0  0  0  0  0  0  0  0
Species  77  N++        14.006    2     44.1268  0  0  0  1  0  0  0  0  0  0  0  0
Species  78  O++        15.998    2     48.7346  0  0  0  0  1  0  0  0  0  0  0  0
Species  79  S++        32.065    2     33.7593  0  0  0  0  0  0  0  0  0  1  0  0
Species  80  Fe++       55.844    2     24.0265  0  0  0  0  0  0  0  0  0  0  0  1
Species  81  Si++       28.085    2     24.5317  0  0  0  0  0  0  0  0  1  0  0  0
Species  82  Mg++       24.304    2     22.6807  0  0  0  0  0  0  0  1  0  0  0  0
